2022-06-12 00:54:11.726  INFO 30812 --- [restartedMain] com.planz.planit.PlanitApplication       : Starting PlanitApplication using Java 11.0.14 on LAPTOP-FG5Q2H4G with PID 30812 (C:\Users\rira9\OneDrive\Desktop\planit-server\build\classes\java\main started by rira9 in C:\Users\rira9\OneDrive\Desktop\planit-server)
2022-06-12 00:54:11.726  INFO 30812 --- [restartedMain] com.planz.planit.PlanitApplication       : The following 1 profile is active: "local"
2022-06-12 00:54:11.765  INFO 30812 --- [restartedMain] o.s.b.devtools.restart.ChangeableUrls    : The Class-Path manifest attribute in C:\Users\rira9\.gradle\caches\modules-2\files-2.1\io.grpc\grpc-netty-shaded\1.13.1\ccdc4f2c2791d93164c574fbfb90d614aa0849ae\grpc-netty-shaded-1.13.1.jar referenced one or more files that do not exist: file:/C:/Users/rira9/.gradle/caches/modules-2/files-2.1/io.grpc/grpc-netty-shaded/1.13.1/ccdc4f2c2791d93164c574fbfb90d614aa0849ae/grpc-core-1.13.1.jar,file:/C:/Users/rira9/.gradle/caches/modules-2/files-2.1/io.grpc/grpc-netty-shaded/1.13.1/ccdc4f2c2791d93164c574fbfb90d614aa0849ae/grpc-context-1.13.1.jar,file:/C:/Users/rira9/.gradle/caches/modules-2/files-2.1/io.grpc/grpc-netty-shaded/1.13.1/ccdc4f2c2791d93164c574fbfb90d614aa0849ae/gson-2.7.jar,file:/C:/Users/rira9/.gradle/caches/modules-2/files-2.1/io.grpc/grpc-netty-shaded/1.13.1/ccdc4f2c2791d93164c574fbfb90d614aa0849ae/guava-20.0.jar,file:/C:/Users/rira9/.gradle/caches/modules-2/files-2.1/io.grpc/grpc-netty-shaded/1.13.1/ccdc4f2c2791d93164c574fbfb90d614aa0849ae/error_prone_annotations-2.1.2.jar,file:/C:/Users/rira9/.gradle/caches/modules-2/files-2.1/io.grpc/grpc-netty-shaded/1.13.1/ccdc4f2c2791d93164c574fbfb90d614aa0849ae/jsr305-3.0.0.jar,file:/C:/Users/rira9/.gradle/caches/modules-2/files-2.1/io.grpc/grpc-netty-shaded/1.13.1/ccdc4f2c2791d93164c574fbfb90d614aa0849ae/opencensus-contrib-grpc-metrics-0.12.3.jar,file:/C:/Users/rira9/.gradle/caches/modules-2/files-2.1/io.grpc/grpc-netty-shaded/1.13.1/ccdc4f2c2791d93164c574fbfb90d614aa0849ae/opencensus-api-0.12.3.jar
2022-06-12 00:54:11.766  INFO 30812 --- [restartedMain] .e.DevToolsPropertyDefaultsPostProcessor : Devtools property defaults active! Set 'spring.devtools.add-properties' to 'false' to disable
2022-06-12 00:54:11.766  INFO 30812 --- [restartedMain] .e.DevToolsPropertyDefaultsPostProcessor : For additional web related logging consider setting the 'logging.level.web' property to 'DEBUG'
2022-06-12 00:54:12.698  INFO 30812 --- [restartedMain] .s.d.r.c.RepositoryConfigurationDelegate : Multiple Spring Data modules found, entering strict repository configuration mode!
2022-06-12 00:54:12.699  INFO 30812 --- [restartedMain] .s.d.r.c.RepositoryConfigurationDelegate : Bootstrapping Spring Data JPA repositories in DEFAULT mode.
2022-06-12 00:54:12.845  INFO 30812 --- [restartedMain] .s.d.r.c.RepositoryConfigurationDelegate : Finished Spring Data repository scanning in 137 ms. Found 13 JPA repository interfaces.
2022-06-12 00:54:12.868  INFO 30812 --- [restartedMain] .s.d.r.c.RepositoryConfigurationDelegate : Multiple Spring Data modules found, entering strict repository configuration mode!
2022-06-12 00:54:12.869  INFO 30812 --- [restartedMain] .s.d.r.c.RepositoryConfigurationDelegate : Bootstrapping Spring Data Redis repositories in DEFAULT mode.
2022-06-12 00:54:12.900  INFO 30812 --- [restartedMain] .RepositoryConfigurationExtensionSupport : Spring Data Redis - Could not safely identify store assignment for repository candidate interface com.planz.planit.src.domain.closet.ClosetRepository. If you want this repository to be a Redis repository, consider annotating your entities with one of these annotations: org.springframework.data.redis.core.RedisHash (preferred), or consider extending one of the following types with your repository: org.springframework.data.keyvalue.repository.KeyValueRepository.
2022-06-12 00:54:12.901  INFO 30812 --- [restartedMain] .RepositoryConfigurationExtensionSupport : Spring Data Redis - Could not safely identify store assignment for repository candidate interface com.planz.planit.src.domain.deviceToken.DeviceTokenRepository. If you want this repository to be a Redis repository, consider annotating your entities with one of these annotations: org.springframework.data.redis.core.RedisHash (preferred), or consider extending one of the following types with your repository: org.springframework.data.keyvalue.repository.KeyValueRepository.
2022-06-12 00:54:12.902  INFO 30812 --- [restartedMain] .RepositoryConfigurationExtensionSupport : Spring Data Redis - Could not safely identify store assignment for repository candidate interface com.planz.planit.src.domain.friend.FriendRepository. If you want this repository to be a Redis repository, consider annotating your entities with one of these annotations: org.springframework.data.redis.core.RedisHash (preferred), or consider extending one of the following types with your repository: org.springframework.data.keyvalue.repository.KeyValueRepository.
2022-06-12 00:54:12.903  INFO 30812 --- [restartedMain] .RepositoryConfigurationExtensionSupport : Spring Data Redis - Could not safely identify store assignment for repository candidate interface com.planz.planit.src.domain.goal.GoalMemberRepository. If you want this repository to be a Redis repository, consider annotating your entities with one of these annotations: org.springframework.data.redis.core.RedisHash (preferred), or consider extending one of the following types with your repository: org.springframework.data.keyvalue.repository.KeyValueRepository.
2022-06-12 00:54:12.903  INFO 30812 --- [restartedMain] .RepositoryConfigurationExtensionSupport : Spring Data Redis - Could not safely identify store assignment for repository candidate interface com.planz.planit.src.domain.goal.GoalRepository. If you want this repository to be a Redis repository, consider annotating your entities with one of these annotations: org.springframework.data.redis.core.RedisHash (preferred), or consider extending one of the following types with your repository: org.springframework.data.keyvalue.repository.KeyValueRepository.
2022-06-12 00:54:12.903  INFO 30812 --- [restartedMain] .RepositoryConfigurationExtensionSupport : Spring Data Redis - Could not safely identify store assignment for repository candidate interface com.planz.planit.src.domain.inventory.InventoryRepository. If you want this repository to be a Redis repository, consider annotating your entities with one of these annotations: org.springframework.data.redis.core.RedisHash (preferred), or consider extending one of the following types with your repository: org.springframework.data.keyvalue.repository.KeyValueRepository.
2022-06-12 00:54:12.904  INFO 30812 --- [restartedMain] .RepositoryConfigurationExtensionSupport : Spring Data Redis - Could not safely identify store assignment for repository candidate interface com.planz.planit.src.domain.item.ItemRepository. If you want this repository to be a Redis repository, consider annotating your entities with one of these annotations: org.springframework.data.redis.core.RedisHash (preferred), or consider extending one of the following types with your repository: org.springframework.data.keyvalue.repository.KeyValueRepository.
2022-06-12 00:54:12.904  INFO 30812 --- [restartedMain] .RepositoryConfigurationExtensionSupport : Spring Data Redis - Could not safely identify store assignment for repository candidate interface com.planz.planit.src.domain.notice.NoticeRepository. If you want this repository to be a Redis repository, consider annotating your entities with one of these annotations: org.springframework.data.redis.core.RedisHash (preferred), or consider extending one of the following types with your repository: org.springframework.data.keyvalue.repository.KeyValueRepository.
2022-06-12 00:54:12.904  INFO 30812 --- [restartedMain] .RepositoryConfigurationExtensionSupport : Spring Data Redis - Could not safely identify store assignment for repository candidate interface com.planz.planit.src.domain.planet.PlanetRepository. If you want this repository to be a Redis repository, consider annotating your entities with one of these annotations: org.springframework.data.redis.core.RedisHash (preferred), or consider extending one of the following types with your repository: org.springframework.data.keyvalue.repository.KeyValueRepository.
2022-06-12 00:54:12.905  INFO 30812 --- [restartedMain] .RepositoryConfigurationExtensionSupport : Spring Data Redis - Could not safely identify store assignment for repository candidate interface com.planz.planit.src.domain.todo.TodoMemberLikeRepository. If you want this repository to be a Redis repository, consider annotating your entities with one of these annotations: org.springframework.data.redis.core.RedisHash (preferred), or consider extending one of the following types with your repository: org.springframework.data.keyvalue.repository.KeyValueRepository.
2022-06-12 00:54:12.905  INFO 30812 --- [restartedMain] .RepositoryConfigurationExtensionSupport : Spring Data Redis - Could not safely identify store assignment for repository candidate interface com.planz.planit.src.domain.todo.TodoMemberRepository. If you want this repository to be a Redis repository, consider annotating your entities with one of these annotations: org.springframework.data.redis.core.RedisHash (preferred), or consider extending one of the following types with your repository: org.springframework.data.keyvalue.repository.KeyValueRepository.
2022-06-12 00:54:12.905  INFO 30812 --- [restartedMain] .RepositoryConfigurationExtensionSupport : Spring Data Redis - Could not safely identify store assignment for repository candidate interface com.planz.planit.src.domain.todo.TodoRepository. If you want this repository to be a Redis repository, consider annotating your entities with one of these annotations: org.springframework.data.redis.core.RedisHash (preferred), or consider extending one of the following types with your repository: org.springframework.data.keyvalue.repository.KeyValueRepository.
2022-06-12 00:54:12.906  INFO 30812 --- [restartedMain] .RepositoryConfigurationExtensionSupport : Spring Data Redis - Could not safely identify store assignment for repository candidate interface com.planz.planit.src.domain.user.UserRepository. If you want this repository to be a Redis repository, consider annotating your entities with one of these annotations: org.springframework.data.redis.core.RedisHash (preferred), or consider extending one of the following types with your repository: org.springframework.data.keyvalue.repository.KeyValueRepository.
2022-06-12 00:54:12.906  INFO 30812 --- [restartedMain] .s.d.r.c.RepositoryConfigurationDelegate : Finished Spring Data repository scanning in 30 ms. Found 0 Redis repository interfaces.
2022-06-12 00:54:13.481  INFO 30812 --- [restartedMain] o.s.b.w.embedded.tomcat.TomcatWebServer  : Tomcat initialized with port(s): 9000 (http)
2022-06-12 00:54:13.490  INFO 30812 --- [restartedMain] o.apache.catalina.core.StandardService   : Starting service [Tomcat]
2022-06-12 00:54:13.490  INFO 30812 --- [restartedMain] org.apache.catalina.core.StandardEngine  : Starting Servlet engine: [Apache Tomcat/9.0.58]
2022-06-12 00:54:13.618  INFO 30812 --- [restartedMain] o.a.c.c.C.[Tomcat].[localhost].[/]       : Initializing Spring embedded WebApplicationContext
2022-06-12 00:54:13.618  INFO 30812 --- [restartedMain] w.s.c.ServletWebServerApplicationContext : Root WebApplicationContext: initialization completed in 1851 ms
2022-06-12 00:54:13.759  INFO 30812 --- [restartedMain] o.hibernate.jpa.internal.util.LogHelper  : HHH000204: Processing PersistenceUnitInfo [name: default]
2022-06-12 00:54:13.798  INFO 30812 --- [restartedMain] org.hibernate.Version                    : HHH000412: Hibernate ORM core version 5.6.5.Final
2022-06-12 00:54:13.936  INFO 30812 --- [restartedMain] o.hibernate.annotations.common.Version   : HCANN000001: Hibernate Commons Annotations {5.1.2.Final}
2022-06-12 00:54:14.036  INFO 30812 --- [restartedMain] com.zaxxer.hikari.HikariDataSource       : HikariPool-1 - Starting...
2022-06-12 00:54:14.380  INFO 30812 --- [restartedMain] com.zaxxer.hikari.HikariDataSource       : HikariPool-1 - Start completed.
2022-06-12 00:54:14.391  INFO 30812 --- [restartedMain] org.hibernate.dialect.Dialect            : HHH000400: Using dialect: org.hibernate.dialect.MySQL5Dialect
2022-06-12 00:54:15.893  INFO 30812 --- [restartedMain] o.h.e.t.j.p.i.JtaPlatformInitiator       : HHH000490: Using JtaPlatform implementation: [org.hibernate.engine.transaction.jta.platform.internal.NoJtaPlatform]
2022-06-12 00:54:15.902  INFO 30812 --- [restartedMain] j.LocalContainerEntityManagerFactoryBean : Initialized JPA EntityManagerFactory for persistence unit 'default'
2022-06-12 00:54:16.617  WARN 30812 --- [restartedMain] JpaBaseConfiguration$JpaWebConfiguration : spring.jpa.open-in-view is enabled by default. Therefore, database queries may be performed during view rendering. Explicitly configure spring.jpa.open-in-view to disable this warning
2022-06-12 00:54:17.073  INFO 30812 --- [restartedMain] c.p.p.config.security.WebSecurityConfig  : WebSecurityConfig.configure() 호출
2022-06-12 00:54:17.109  INFO 30812 --- [restartedMain] o.s.s.web.DefaultSecurityFilterChain     : Will not secure any request
2022-06-12 00:54:17.127  INFO 30812 --- [restartedMain] pertySourcedRequestMappingHandlerMapping : Mapped URL path [/v2/api-docs] onto method [springfox.documentation.swagger2.web.Swagger2Controller#getDocumentation(String, HttpServletRequest)]
2022-06-12 00:54:17.206  INFO 30812 --- [restartedMain] o.s.b.d.a.OptionalLiveReloadServer       : LiveReload server is running on port 35729
2022-06-12 00:54:17.542  INFO 30812 --- [restartedMain] o.s.b.w.embedded.tomcat.TomcatWebServer  : Tomcat started on port(s): 9000 (http) with context path ''
2022-06-12 00:54:17.543  INFO 30812 --- [restartedMain] d.s.w.p.DocumentationPluginsBootstrapper : Context refreshed
2022-06-12 00:54:17.556  INFO 30812 --- [restartedMain] d.s.w.p.DocumentationPluginsBootstrapper : Found 1 custom documentation plugin(s)
2022-06-12 00:54:17.607  INFO 30812 --- [restartedMain] s.d.s.w.s.ApiListingReferenceScanner     : Scanning for api listing references
2022-06-12 00:54:17.807  INFO 30812 --- [restartedMain] com.planz.planit.PlanitApplication       : Started PlanitApplication in 6.56 seconds (JVM running for 8.823)
2022-06-12 00:55:07.193  INFO 30812 --- [http-nio-9000-exec-2] o.a.c.c.C.[Tomcat].[localhost].[/]       : Initializing Spring DispatcherServlet 'dispatcherServlet'
2022-06-12 00:55:07.194  INFO 30812 --- [http-nio-9000-exec-2] o.s.web.servlet.DispatcherServlet        : Initializing Servlet 'dispatcherServlet'
2022-06-12 00:55:07.198  INFO 30812 --- [http-nio-9000-exec-2] o.s.web.servlet.DispatcherServlet        : Completed initialization in 4 ms
2022-06-12 00:55:07.233  INFO 30812 --- [http-nio-9000-exec-2] c.p.p.c.s.filter.JwtAuthorizationFilter  : 요청 URI /api/friends
2022-06-12 00:55:07.233  INFO 30812 --- [http-nio-9000-exec-2] c.p.p.c.s.filter.JwtAuthorizationFilter  : 인증이나 권한이 필요한 주소가 요청이 됨 => /api/friends
2022-06-12 00:55:07.339  INFO 30812 --- [http-nio-9000-exec-2] c.p.p.c.s.filter.JwtAuthorizationFilter  : jwtAccessToken : eyJ0eXAiOiJKV1QiLCJhbGciOiJIUzI1NiJ9.eyJzdWIiOiIyIiwicm9sZSI6IlJPTEVfVVNFUiIsImlhdCI6MTY1NDk2MjI3OSwiZXhwIjoxNjU0OTY0MDc5fQ.-rGk6wwYni3pt1eWcNCJPWlpTSIvKUab6fvilt5RYIo
2022-06-12 00:55:07.481  INFO 30812 --- [http-nio-9000-exec-2] c.p.p.c.s.filter.JwtAuthorizationFilter  : principalDetails's username : eunjee@naver.com
2022-06-12 00:55:07.484  INFO 30812 --- [http-nio-9000-exec-2] c.p.p.c.s.filter.JwtAuthorizationFilter  : [ROLE_USER]
2022-06-12 00:55:07.485  INFO 30812 --- [http-nio-9000-exec-2] c.p.p.c.s.filter.JwtAuthorizationFilter  : 로그인한 사용자의 Principal- com.planz.planit.config.security.auth.PrincipalDetails@73829b
2022-06-12 00:55:07.486  INFO 30812 --- [http-nio-9000-exec-2] c.p.p.c.s.filter.JwtAuthorizationFilter  : 로그인한 사용자의 Authorities- [ROLE_USER]
2022-06-12 00:59:05.773  INFO 30812 --- [SpringApplicationShutdownHook] j.LocalContainerEntityManagerFactoryBean : Closing JPA EntityManagerFactory for persistence unit 'default'
2022-06-12 00:59:05.778  INFO 30812 --- [SpringApplicationShutdownHook] com.zaxxer.hikari.HikariDataSource       : HikariPool-1 - Shutdown initiated...
2022-06-12 00:59:05.844  INFO 30812 --- [SpringApplicationShutdownHook] com.zaxxer.hikari.HikariDataSource       : HikariPool-1 - Shutdown completed.
2022-06-12 00:59:13.347  INFO 29680 --- [restartedMain] com.planz.planit.PlanitApplication       : Starting PlanitApplication using Java 11.0.14 on LAPTOP-FG5Q2H4G with PID 29680 (C:\Users\rira9\OneDrive\Desktop\planit-server\build\classes\java\main started by rira9 in C:\Users\rira9\OneDrive\Desktop\planit-server)
2022-06-12 00:59:13.348  INFO 29680 --- [restartedMain] com.planz.planit.PlanitApplication       : The following 1 profile is active: "local"
2022-06-12 00:59:13.386  INFO 29680 --- [restartedMain] o.s.b.devtools.restart.ChangeableUrls    : The Class-Path manifest attribute in C:\Users\rira9\.gradle\caches\modules-2\files-2.1\io.grpc\grpc-netty-shaded\1.13.1\ccdc4f2c2791d93164c574fbfb90d614aa0849ae\grpc-netty-shaded-1.13.1.jar referenced one or more files that do not exist: file:/C:/Users/rira9/.gradle/caches/modules-2/files-2.1/io.grpc/grpc-netty-shaded/1.13.1/ccdc4f2c2791d93164c574fbfb90d614aa0849ae/grpc-core-1.13.1.jar,file:/C:/Users/rira9/.gradle/caches/modules-2/files-2.1/io.grpc/grpc-netty-shaded/1.13.1/ccdc4f2c2791d93164c574fbfb90d614aa0849ae/grpc-context-1.13.1.jar,file:/C:/Users/rira9/.gradle/caches/modules-2/files-2.1/io.grpc/grpc-netty-shaded/1.13.1/ccdc4f2c2791d93164c574fbfb90d614aa0849ae/gson-2.7.jar,file:/C:/Users/rira9/.gradle/caches/modules-2/files-2.1/io.grpc/grpc-netty-shaded/1.13.1/ccdc4f2c2791d93164c574fbfb90d614aa0849ae/guava-20.0.jar,file:/C:/Users/rira9/.gradle/caches/modules-2/files-2.1/io.grpc/grpc-netty-shaded/1.13.1/ccdc4f2c2791d93164c574fbfb90d614aa0849ae/error_prone_annotations-2.1.2.jar,file:/C:/Users/rira9/.gradle/caches/modules-2/files-2.1/io.grpc/grpc-netty-shaded/1.13.1/ccdc4f2c2791d93164c574fbfb90d614aa0849ae/jsr305-3.0.0.jar,file:/C:/Users/rira9/.gradle/caches/modules-2/files-2.1/io.grpc/grpc-netty-shaded/1.13.1/ccdc4f2c2791d93164c574fbfb90d614aa0849ae/opencensus-contrib-grpc-metrics-0.12.3.jar,file:/C:/Users/rira9/.gradle/caches/modules-2/files-2.1/io.grpc/grpc-netty-shaded/1.13.1/ccdc4f2c2791d93164c574fbfb90d614aa0849ae/opencensus-api-0.12.3.jar
2022-06-12 00:59:13.387  INFO 29680 --- [restartedMain] .e.DevToolsPropertyDefaultsPostProcessor : Devtools property defaults active! Set 'spring.devtools.add-properties' to 'false' to disable
2022-06-12 00:59:13.387  INFO 29680 --- [restartedMain] .e.DevToolsPropertyDefaultsPostProcessor : For additional web related logging consider setting the 'logging.level.web' property to 'DEBUG'
2022-06-12 00:59:14.445  INFO 29680 --- [restartedMain] .s.d.r.c.RepositoryConfigurationDelegate : Multiple Spring Data modules found, entering strict repository configuration mode!
2022-06-12 00:59:14.446  INFO 29680 --- [restartedMain] .s.d.r.c.RepositoryConfigurationDelegate : Bootstrapping Spring Data JPA repositories in DEFAULT mode.
2022-06-12 00:59:14.638  INFO 29680 --- [restartedMain] .s.d.r.c.RepositoryConfigurationDelegate : Finished Spring Data repository scanning in 182 ms. Found 13 JPA repository interfaces.
2022-06-12 00:59:14.654  INFO 29680 --- [restartedMain] .s.d.r.c.RepositoryConfigurationDelegate : Multiple Spring Data modules found, entering strict repository configuration mode!
2022-06-12 00:59:14.655  INFO 29680 --- [restartedMain] .s.d.r.c.RepositoryConfigurationDelegate : Bootstrapping Spring Data Redis repositories in DEFAULT mode.
2022-06-12 00:59:14.700  INFO 29680 --- [restartedMain] .RepositoryConfigurationExtensionSupport : Spring Data Redis - Could not safely identify store assignment for repository candidate interface com.planz.planit.src.domain.closet.ClosetRepository. If you want this repository to be a Redis repository, consider annotating your entities with one of these annotations: org.springframework.data.redis.core.RedisHash (preferred), or consider extending one of the following types with your repository: org.springframework.data.keyvalue.repository.KeyValueRepository.
2022-06-12 00:59:14.700  INFO 29680 --- [restartedMain] .RepositoryConfigurationExtensionSupport : Spring Data Redis - Could not safely identify store assignment for repository candidate interface com.planz.planit.src.domain.deviceToken.DeviceTokenRepository. If you want this repository to be a Redis repository, consider annotating your entities with one of these annotations: org.springframework.data.redis.core.RedisHash (preferred), or consider extending one of the following types with your repository: org.springframework.data.keyvalue.repository.KeyValueRepository.
2022-06-12 00:59:14.701  INFO 29680 --- [restartedMain] .RepositoryConfigurationExtensionSupport : Spring Data Redis - Could not safely identify store assignment for repository candidate interface com.planz.planit.src.domain.friend.FriendRepository. If you want this repository to be a Redis repository, consider annotating your entities with one of these annotations: org.springframework.data.redis.core.RedisHash (preferred), or consider extending one of the following types with your repository: org.springframework.data.keyvalue.repository.KeyValueRepository.
2022-06-12 00:59:14.701  INFO 29680 --- [restartedMain] .RepositoryConfigurationExtensionSupport : Spring Data Redis - Could not safely identify store assignment for repository candidate interface com.planz.planit.src.domain.goal.GoalMemberRepository. If you want this repository to be a Redis repository, consider annotating your entities with one of these annotations: org.springframework.data.redis.core.RedisHash (preferred), or consider extending one of the following types with your repository: org.springframework.data.keyvalue.repository.KeyValueRepository.
2022-06-12 00:59:14.702  INFO 29680 --- [restartedMain] .RepositoryConfigurationExtensionSupport : Spring Data Redis - Could not safely identify store assignment for repository candidate interface com.planz.planit.src.domain.goal.GoalRepository. If you want this repository to be a Redis repository, consider annotating your entities with one of these annotations: org.springframework.data.redis.core.RedisHash (preferred), or consider extending one of the following types with your repository: org.springframework.data.keyvalue.repository.KeyValueRepository.
2022-06-12 00:59:14.702  INFO 29680 --- [restartedMain] .RepositoryConfigurationExtensionSupport : Spring Data Redis - Could not safely identify store assignment for repository candidate interface com.planz.planit.src.domain.inventory.InventoryRepository. If you want this repository to be a Redis repository, consider annotating your entities with one of these annotations: org.springframework.data.redis.core.RedisHash (preferred), or consider extending one of the following types with your repository: org.springframework.data.keyvalue.repository.KeyValueRepository.
2022-06-12 00:59:14.703  INFO 29680 --- [restartedMain] .RepositoryConfigurationExtensionSupport : Spring Data Redis - Could not safely identify store assignment for repository candidate interface com.planz.planit.src.domain.item.ItemRepository. If you want this repository to be a Redis repository, consider annotating your entities with one of these annotations: org.springframework.data.redis.core.RedisHash (preferred), or consider extending one of the following types with your repository: org.springframework.data.keyvalue.repository.KeyValueRepository.
2022-06-12 00:59:14.703  INFO 29680 --- [restartedMain] .RepositoryConfigurationExtensionSupport : Spring Data Redis - Could not safely identify store assignment for repository candidate interface com.planz.planit.src.domain.notice.NoticeRepository. If you want this repository to be a Redis repository, consider annotating your entities with one of these annotations: org.springframework.data.redis.core.RedisHash (preferred), or consider extending one of the following types with your repository: org.springframework.data.keyvalue.repository.KeyValueRepository.
2022-06-12 00:59:14.703  INFO 29680 --- [restartedMain] .RepositoryConfigurationExtensionSupport : Spring Data Redis - Could not safely identify store assignment for repository candidate interface com.planz.planit.src.domain.planet.PlanetRepository. If you want this repository to be a Redis repository, consider annotating your entities with one of these annotations: org.springframework.data.redis.core.RedisHash (preferred), or consider extending one of the following types with your repository: org.springframework.data.keyvalue.repository.KeyValueRepository.
2022-06-12 00:59:14.704  INFO 29680 --- [restartedMain] .RepositoryConfigurationExtensionSupport : Spring Data Redis - Could not safely identify store assignment for repository candidate interface com.planz.planit.src.domain.todo.TodoMemberLikeRepository. If you want this repository to be a Redis repository, consider annotating your entities with one of these annotations: org.springframework.data.redis.core.RedisHash (preferred), or consider extending one of the following types with your repository: org.springframework.data.keyvalue.repository.KeyValueRepository.
2022-06-12 00:59:14.704  INFO 29680 --- [restartedMain] .RepositoryConfigurationExtensionSupport : Spring Data Redis - Could not safely identify store assignment for repository candidate interface com.planz.planit.src.domain.todo.TodoMemberRepository. If you want this repository to be a Redis repository, consider annotating your entities with one of these annotations: org.springframework.data.redis.core.RedisHash (preferred), or consider extending one of the following types with your repository: org.springframework.data.keyvalue.repository.KeyValueRepository.
2022-06-12 00:59:14.704  INFO 29680 --- [restartedMain] .RepositoryConfigurationExtensionSupport : Spring Data Redis - Could not safely identify store assignment for repository candidate interface com.planz.planit.src.domain.todo.TodoRepository. If you want this repository to be a Redis repository, consider annotating your entities with one of these annotations: org.springframework.data.redis.core.RedisHash (preferred), or consider extending one of the following types with your repository: org.springframework.data.keyvalue.repository.KeyValueRepository.
2022-06-12 00:59:14.705  INFO 29680 --- [restartedMain] .RepositoryConfigurationExtensionSupport : Spring Data Redis - Could not safely identify store assignment for repository candidate interface com.planz.planit.src.domain.user.UserRepository. If you want this repository to be a Redis repository, consider annotating your entities with one of these annotations: org.springframework.data.redis.core.RedisHash (preferred), or consider extending one of the following types with your repository: org.springframework.data.keyvalue.repository.KeyValueRepository.
2022-06-12 00:59:14.705  INFO 29680 --- [restartedMain] .s.d.r.c.RepositoryConfigurationDelegate : Finished Spring Data repository scanning in 40 ms. Found 0 Redis repository interfaces.
2022-06-12 00:59:15.275  INFO 29680 --- [restartedMain] o.s.b.w.embedded.tomcat.TomcatWebServer  : Tomcat initialized with port(s): 9000 (http)
2022-06-12 00:59:15.283  INFO 29680 --- [restartedMain] o.apache.catalina.core.StandardService   : Starting service [Tomcat]
2022-06-12 00:59:15.283  INFO 29680 --- [restartedMain] org.apache.catalina.core.StandardEngine  : Starting Servlet engine: [Apache Tomcat/9.0.58]
2022-06-12 00:59:15.427  INFO 29680 --- [restartedMain] o.a.c.c.C.[Tomcat].[localhost].[/]       : Initializing Spring embedded WebApplicationContext
2022-06-12 00:59:15.427  INFO 29680 --- [restartedMain] w.s.c.ServletWebServerApplicationContext : Root WebApplicationContext: initialization completed in 2038 ms
2022-06-12 00:59:15.569  INFO 29680 --- [restartedMain] o.hibernate.jpa.internal.util.LogHelper  : HHH000204: Processing PersistenceUnitInfo [name: default]
2022-06-12 00:59:15.615  INFO 29680 --- [restartedMain] org.hibernate.Version                    : HHH000412: Hibernate ORM core version 5.6.5.Final
2022-06-12 00:59:15.743  INFO 29680 --- [restartedMain] o.hibernate.annotations.common.Version   : HCANN000001: Hibernate Commons Annotations {5.1.2.Final}
2022-06-12 00:59:15.835  INFO 29680 --- [restartedMain] com.zaxxer.hikari.HikariDataSource       : HikariPool-1 - Starting...
2022-06-12 00:59:16.238  INFO 29680 --- [restartedMain] com.zaxxer.hikari.HikariDataSource       : HikariPool-1 - Start completed.
2022-06-12 00:59:16.257  INFO 29680 --- [restartedMain] org.hibernate.dialect.Dialect            : HHH000400: Using dialect: org.hibernate.dialect.MySQL5Dialect
2022-06-12 00:59:17.755  INFO 29680 --- [restartedMain] o.h.e.t.j.p.i.JtaPlatformInitiator       : HHH000490: Using JtaPlatform implementation: [org.hibernate.engine.transaction.jta.platform.internal.NoJtaPlatform]
2022-06-12 00:59:17.768  INFO 29680 --- [restartedMain] j.LocalContainerEntityManagerFactoryBean : Initialized JPA EntityManagerFactory for persistence unit 'default'
2022-06-12 00:59:18.377  WARN 29680 --- [restartedMain] JpaBaseConfiguration$JpaWebConfiguration : spring.jpa.open-in-view is enabled by default. Therefore, database queries may be performed during view rendering. Explicitly configure spring.jpa.open-in-view to disable this warning
2022-06-12 00:59:18.849  INFO 29680 --- [restartedMain] c.p.p.config.security.WebSecurityConfig  : WebSecurityConfig.configure() 호출
2022-06-12 00:59:18.878  INFO 29680 --- [restartedMain] o.s.s.web.DefaultSecurityFilterChain     : Will not secure any request
2022-06-12 00:59:18.894  INFO 29680 --- [restartedMain] pertySourcedRequestMappingHandlerMapping : Mapped URL path [/v2/api-docs] onto method [springfox.documentation.swagger2.web.Swagger2Controller#getDocumentation(String, HttpServletRequest)]
2022-06-12 00:59:18.963  INFO 29680 --- [restartedMain] o.s.b.d.a.OptionalLiveReloadServer       : LiveReload server is running on port 35729
2022-06-12 00:59:19.246  INFO 29680 --- [restartedMain] o.s.b.w.embedded.tomcat.TomcatWebServer  : Tomcat started on port(s): 9000 (http) with context path ''
2022-06-12 00:59:19.247  INFO 29680 --- [restartedMain] d.s.w.p.DocumentationPluginsBootstrapper : Context refreshed
2022-06-12 00:59:19.259  INFO 29680 --- [restartedMain] d.s.w.p.DocumentationPluginsBootstrapper : Found 1 custom documentation plugin(s)
2022-06-12 00:59:19.296  INFO 29680 --- [restartedMain] s.d.s.w.s.ApiListingReferenceScanner     : Scanning for api listing references
2022-06-12 00:59:19.510  INFO 29680 --- [restartedMain] com.planz.planit.PlanitApplication       : Started PlanitApplication in 6.649 seconds (JVM running for 7.813)
2022-06-12 00:59:39.455  INFO 29680 --- [http-nio-9000-exec-3] o.a.c.c.C.[Tomcat].[localhost].[/]       : Initializing Spring DispatcherServlet 'dispatcherServlet'
2022-06-12 00:59:39.457  INFO 29680 --- [http-nio-9000-exec-3] o.s.web.servlet.DispatcherServlet        : Initializing Servlet 'dispatcherServlet'
2022-06-12 00:59:39.458  INFO 29680 --- [http-nio-9000-exec-3] o.s.web.servlet.DispatcherServlet        : Completed initialization in 1 ms
2022-06-12 00:59:39.470  INFO 29680 --- [http-nio-9000-exec-3] c.p.p.c.s.filter.JwtAuthorizationFilter  : 요청 URI /api/friends
2022-06-12 00:59:39.470  INFO 29680 --- [http-nio-9000-exec-3] c.p.p.c.s.filter.JwtAuthorizationFilter  : 인증이나 권한이 필요한 주소가 요청이 됨 => /api/friends
2022-06-12 00:59:39.509  INFO 29680 --- [http-nio-9000-exec-3] c.p.p.c.s.filter.JwtAuthorizationFilter  : jwtAccessToken : eyJ0eXAiOiJKV1QiLCJhbGciOiJIUzI1NiJ9.eyJzdWIiOiIyIiwicm9sZSI6IlJPTEVfVVNFUiIsImlhdCI6MTY1NDk2MjI3OSwiZXhwIjoxNjU0OTY0MDc5fQ.-rGk6wwYni3pt1eWcNCJPWlpTSIvKUab6fvilt5RYIo
2022-06-12 00:59:39.590  INFO 29680 --- [http-nio-9000-exec-3] c.p.p.c.s.filter.JwtAuthorizationFilter  : principalDetails's username : eunjee@naver.com
2022-06-12 00:59:39.591  INFO 29680 --- [http-nio-9000-exec-3] c.p.p.c.s.filter.JwtAuthorizationFilter  : [ROLE_USER]
2022-06-12 00:59:39.591  INFO 29680 --- [http-nio-9000-exec-3] c.p.p.c.s.filter.JwtAuthorizationFilter  : 로그인한 사용자의 Principal- com.planz.planit.config.security.auth.PrincipalDetails@37bbb257
2022-06-12 00:59:39.592  INFO 29680 --- [http-nio-9000-exec-3] c.p.p.c.s.filter.JwtAuthorizationFilter  : 로그인한 사용자의 Authorities- [ROLE_USER]
2022-06-12 02:15:41.131  INFO 17352 --- [restartedMain] com.planz.planit.PlanitApplication       : Starting PlanitApplication using Java 11.0.14 on LAPTOP-FG5Q2H4G with PID 17352 (C:\Users\rira9\OneDrive\Desktop\planit-server\build\classes\java\main started by rira9 in C:\Users\rira9\OneDrive\Desktop\planit-server)
2022-06-12 02:15:41.133  INFO 17352 --- [restartedMain] com.planz.planit.PlanitApplication       : The following 1 profile is active: "local"
2022-06-12 02:15:41.182  INFO 17352 --- [restartedMain] o.s.b.devtools.restart.ChangeableUrls    : The Class-Path manifest attribute in C:\Users\rira9\.gradle\caches\modules-2\files-2.1\io.grpc\grpc-netty-shaded\1.13.1\ccdc4f2c2791d93164c574fbfb90d614aa0849ae\grpc-netty-shaded-1.13.1.jar referenced one or more files that do not exist: file:/C:/Users/rira9/.gradle/caches/modules-2/files-2.1/io.grpc/grpc-netty-shaded/1.13.1/ccdc4f2c2791d93164c574fbfb90d614aa0849ae/grpc-core-1.13.1.jar,file:/C:/Users/rira9/.gradle/caches/modules-2/files-2.1/io.grpc/grpc-netty-shaded/1.13.1/ccdc4f2c2791d93164c574fbfb90d614aa0849ae/grpc-context-1.13.1.jar,file:/C:/Users/rira9/.gradle/caches/modules-2/files-2.1/io.grpc/grpc-netty-shaded/1.13.1/ccdc4f2c2791d93164c574fbfb90d614aa0849ae/gson-2.7.jar,file:/C:/Users/rira9/.gradle/caches/modules-2/files-2.1/io.grpc/grpc-netty-shaded/1.13.1/ccdc4f2c2791d93164c574fbfb90d614aa0849ae/guava-20.0.jar,file:/C:/Users/rira9/.gradle/caches/modules-2/files-2.1/io.grpc/grpc-netty-shaded/1.13.1/ccdc4f2c2791d93164c574fbfb90d614aa0849ae/error_prone_annotations-2.1.2.jar,file:/C:/Users/rira9/.gradle/caches/modules-2/files-2.1/io.grpc/grpc-netty-shaded/1.13.1/ccdc4f2c2791d93164c574fbfb90d614aa0849ae/jsr305-3.0.0.jar,file:/C:/Users/rira9/.gradle/caches/modules-2/files-2.1/io.grpc/grpc-netty-shaded/1.13.1/ccdc4f2c2791d93164c574fbfb90d614aa0849ae/opencensus-contrib-grpc-metrics-0.12.3.jar,file:/C:/Users/rira9/.gradle/caches/modules-2/files-2.1/io.grpc/grpc-netty-shaded/1.13.1/ccdc4f2c2791d93164c574fbfb90d614aa0849ae/opencensus-api-0.12.3.jar
2022-06-12 02:15:41.183  INFO 17352 --- [restartedMain] .e.DevToolsPropertyDefaultsPostProcessor : Devtools property defaults active! Set 'spring.devtools.add-properties' to 'false' to disable
2022-06-12 02:15:41.183  INFO 17352 --- [restartedMain] .e.DevToolsPropertyDefaultsPostProcessor : For additional web related logging consider setting the 'logging.level.web' property to 'DEBUG'
2022-06-12 02:15:42.433  INFO 17352 --- [restartedMain] .s.d.r.c.RepositoryConfigurationDelegate : Multiple Spring Data modules found, entering strict repository configuration mode!
2022-06-12 02:15:42.434  INFO 17352 --- [restartedMain] .s.d.r.c.RepositoryConfigurationDelegate : Bootstrapping Spring Data JPA repositories in DEFAULT mode.
2022-06-12 02:15:42.669  INFO 17352 --- [restartedMain] .s.d.r.c.RepositoryConfigurationDelegate : Finished Spring Data repository scanning in 224 ms. Found 13 JPA repository interfaces.
2022-06-12 02:15:42.707  INFO 17352 --- [restartedMain] .s.d.r.c.RepositoryConfigurationDelegate : Multiple Spring Data modules found, entering strict repository configuration mode!
2022-06-12 02:15:42.709  INFO 17352 --- [restartedMain] .s.d.r.c.RepositoryConfigurationDelegate : Bootstrapping Spring Data Redis repositories in DEFAULT mode.
2022-06-12 02:15:42.758  INFO 17352 --- [restartedMain] .RepositoryConfigurationExtensionSupport : Spring Data Redis - Could not safely identify store assignment for repository candidate interface com.planz.planit.src.domain.closet.ClosetRepository. If you want this repository to be a Redis repository, consider annotating your entities with one of these annotations: org.springframework.data.redis.core.RedisHash (preferred), or consider extending one of the following types with your repository: org.springframework.data.keyvalue.repository.KeyValueRepository.
2022-06-12 02:15:42.758  INFO 17352 --- [restartedMain] .RepositoryConfigurationExtensionSupport : Spring Data Redis - Could not safely identify store assignment for repository candidate interface com.planz.planit.src.domain.deviceToken.DeviceTokenRepository. If you want this repository to be a Redis repository, consider annotating your entities with one of these annotations: org.springframework.data.redis.core.RedisHash (preferred), or consider extending one of the following types with your repository: org.springframework.data.keyvalue.repository.KeyValueRepository.
2022-06-12 02:15:42.759  INFO 17352 --- [restartedMain] .RepositoryConfigurationExtensionSupport : Spring Data Redis - Could not safely identify store assignment for repository candidate interface com.planz.planit.src.domain.friend.FriendRepository. If you want this repository to be a Redis repository, consider annotating your entities with one of these annotations: org.springframework.data.redis.core.RedisHash (preferred), or consider extending one of the following types with your repository: org.springframework.data.keyvalue.repository.KeyValueRepository.
2022-06-12 02:15:42.760  INFO 17352 --- [restartedMain] .RepositoryConfigurationExtensionSupport : Spring Data Redis - Could not safely identify store assignment for repository candidate interface com.planz.planit.src.domain.goal.GoalMemberRepository. If you want this repository to be a Redis repository, consider annotating your entities with one of these annotations: org.springframework.data.redis.core.RedisHash (preferred), or consider extending one of the following types with your repository: org.springframework.data.keyvalue.repository.KeyValueRepository.
2022-06-12 02:15:42.760  INFO 17352 --- [restartedMain] .RepositoryConfigurationExtensionSupport : Spring Data Redis - Could not safely identify store assignment for repository candidate interface com.planz.planit.src.domain.goal.GoalRepository. If you want this repository to be a Redis repository, consider annotating your entities with one of these annotations: org.springframework.data.redis.core.RedisHash (preferred), or consider extending one of the following types with your repository: org.springframework.data.keyvalue.repository.KeyValueRepository.
2022-06-12 02:15:42.761  INFO 17352 --- [restartedMain] .RepositoryConfigurationExtensionSupport : Spring Data Redis - Could not safely identify store assignment for repository candidate interface com.planz.planit.src.domain.inventory.InventoryRepository. If you want this repository to be a Redis repository, consider annotating your entities with one of these annotations: org.springframework.data.redis.core.RedisHash (preferred), or consider extending one of the following types with your repository: org.springframework.data.keyvalue.repository.KeyValueRepository.
2022-06-12 02:15:42.762  INFO 17352 --- [restartedMain] .RepositoryConfigurationExtensionSupport : Spring Data Redis - Could not safely identify store assignment for repository candidate interface com.planz.planit.src.domain.item.ItemRepository. If you want this repository to be a Redis repository, consider annotating your entities with one of these annotations: org.springframework.data.redis.core.RedisHash (preferred), or consider extending one of the following types with your repository: org.springframework.data.keyvalue.repository.KeyValueRepository.
2022-06-12 02:15:42.763  INFO 17352 --- [restartedMain] .RepositoryConfigurationExtensionSupport : Spring Data Redis - Could not safely identify store assignment for repository candidate interface com.planz.planit.src.domain.notice.NoticeRepository. If you want this repository to be a Redis repository, consider annotating your entities with one of these annotations: org.springframework.data.redis.core.RedisHash (preferred), or consider extending one of the following types with your repository: org.springframework.data.keyvalue.repository.KeyValueRepository.
2022-06-12 02:15:42.763  INFO 17352 --- [restartedMain] .RepositoryConfigurationExtensionSupport : Spring Data Redis - Could not safely identify store assignment for repository candidate interface com.planz.planit.src.domain.planet.PlanetRepository. If you want this repository to be a Redis repository, consider annotating your entities with one of these annotations: org.springframework.data.redis.core.RedisHash (preferred), or consider extending one of the following types with your repository: org.springframework.data.keyvalue.repository.KeyValueRepository.
2022-06-12 02:15:42.764  INFO 17352 --- [restartedMain] .RepositoryConfigurationExtensionSupport : Spring Data Redis - Could not safely identify store assignment for repository candidate interface com.planz.planit.src.domain.todo.TodoMemberLikeRepository. If you want this repository to be a Redis repository, consider annotating your entities with one of these annotations: org.springframework.data.redis.core.RedisHash (preferred), or consider extending one of the following types with your repository: org.springframework.data.keyvalue.repository.KeyValueRepository.
2022-06-12 02:15:42.764  INFO 17352 --- [restartedMain] .RepositoryConfigurationExtensionSupport : Spring Data Redis - Could not safely identify store assignment for repository candidate interface com.planz.planit.src.domain.todo.TodoMemberRepository. If you want this repository to be a Redis repository, consider annotating your entities with one of these annotations: org.springframework.data.redis.core.RedisHash (preferred), or consider extending one of the following types with your repository: org.springframework.data.keyvalue.repository.KeyValueRepository.
2022-06-12 02:15:42.765  INFO 17352 --- [restartedMain] .RepositoryConfigurationExtensionSupport : Spring Data Redis - Could not safely identify store assignment for repository candidate interface com.planz.planit.src.domain.todo.TodoRepository. If you want this repository to be a Redis repository, consider annotating your entities with one of these annotations: org.springframework.data.redis.core.RedisHash (preferred), or consider extending one of the following types with your repository: org.springframework.data.keyvalue.repository.KeyValueRepository.
2022-06-12 02:15:42.765  INFO 17352 --- [restartedMain] .RepositoryConfigurationExtensionSupport : Spring Data Redis - Could not safely identify store assignment for repository candidate interface com.planz.planit.src.domain.user.UserRepository. If you want this repository to be a Redis repository, consider annotating your entities with one of these annotations: org.springframework.data.redis.core.RedisHash (preferred), or consider extending one of the following types with your repository: org.springframework.data.keyvalue.repository.KeyValueRepository.
2022-06-12 02:15:42.766  INFO 17352 --- [restartedMain] .s.d.r.c.RepositoryConfigurationDelegate : Finished Spring Data repository scanning in 46 ms. Found 0 Redis repository interfaces.
2022-06-12 02:15:43.477  INFO 17352 --- [restartedMain] o.s.b.w.embedded.tomcat.TomcatWebServer  : Tomcat initialized with port(s): 9000 (http)
2022-06-12 02:15:43.488  INFO 17352 --- [restartedMain] o.apache.catalina.core.StandardService   : Starting service [Tomcat]
2022-06-12 02:15:43.488  INFO 17352 --- [restartedMain] org.apache.catalina.core.StandardEngine  : Starting Servlet engine: [Apache Tomcat/9.0.58]
2022-06-12 02:15:43.664  INFO 17352 --- [restartedMain] o.a.c.c.C.[Tomcat].[localhost].[/]       : Initializing Spring embedded WebApplicationContext
2022-06-12 02:15:43.665  INFO 17352 --- [restartedMain] w.s.c.ServletWebServerApplicationContext : Root WebApplicationContext: initialization completed in 2481 ms
2022-06-12 02:15:43.843  INFO 17352 --- [restartedMain] o.hibernate.jpa.internal.util.LogHelper  : HHH000204: Processing PersistenceUnitInfo [name: default]
2022-06-12 02:15:43.895  INFO 17352 --- [restartedMain] org.hibernate.Version                    : HHH000412: Hibernate ORM core version 5.6.5.Final
2022-06-12 02:15:44.056  INFO 17352 --- [restartedMain] o.hibernate.annotations.common.Version   : HCANN000001: Hibernate Commons Annotations {5.1.2.Final}
2022-06-12 02:15:44.179  INFO 17352 --- [restartedMain] com.zaxxer.hikari.HikariDataSource       : HikariPool-1 - Starting...
2022-06-12 02:15:44.594  INFO 17352 --- [restartedMain] com.zaxxer.hikari.HikariDataSource       : HikariPool-1 - Start completed.
2022-06-12 02:15:44.607  INFO 17352 --- [restartedMain] org.hibernate.dialect.Dialect            : HHH000400: Using dialect: org.hibernate.dialect.MySQL5Dialect
2022-06-12 02:15:46.802  INFO 17352 --- [restartedMain] o.h.e.t.j.p.i.JtaPlatformInitiator       : HHH000490: Using JtaPlatform implementation: [org.hibernate.engine.transaction.jta.platform.internal.NoJtaPlatform]
2022-06-12 02:15:46.818  INFO 17352 --- [restartedMain] j.LocalContainerEntityManagerFactoryBean : Initialized JPA EntityManagerFactory for persistence unit 'default'
2022-06-12 02:15:47.626  WARN 17352 --- [restartedMain] JpaBaseConfiguration$JpaWebConfiguration : spring.jpa.open-in-view is enabled by default. Therefore, database queries may be performed during view rendering. Explicitly configure spring.jpa.open-in-view to disable this warning
2022-06-12 02:15:48.259  INFO 17352 --- [restartedMain] c.p.p.config.security.WebSecurityConfig  : WebSecurityConfig.configure() 호출
2022-06-12 02:15:48.307  INFO 17352 --- [restartedMain] o.s.s.web.DefaultSecurityFilterChain     : Will not secure any request
2022-06-12 02:15:48.400  INFO 17352 --- [restartedMain] pertySourcedRequestMappingHandlerMapping : Mapped URL path [/v2/api-docs] onto method [springfox.documentation.swagger2.web.Swagger2Controller#getDocumentation(String, HttpServletRequest)]
2022-06-12 02:15:48.547  INFO 17352 --- [restartedMain] o.s.b.d.a.OptionalLiveReloadServer       : LiveReload server is running on port 35729
2022-06-12 02:15:48.950  INFO 17352 --- [restartedMain] o.s.b.w.embedded.tomcat.TomcatWebServer  : Tomcat started on port(s): 9000 (http) with context path ''
2022-06-12 02:15:48.951  INFO 17352 --- [restartedMain] d.s.w.p.DocumentationPluginsBootstrapper : Context refreshed
2022-06-12 02:15:48.968  INFO 17352 --- [restartedMain] d.s.w.p.DocumentationPluginsBootstrapper : Found 1 custom documentation plugin(s)
2022-06-12 02:15:49.023  INFO 17352 --- [restartedMain] s.d.s.w.s.ApiListingReferenceScanner     : Scanning for api listing references
2022-06-12 02:15:49.316  INFO 17352 --- [restartedMain] com.planz.planit.PlanitApplication       : Started PlanitApplication in 8.785 seconds (JVM running for 11.731)
2022-06-12 02:16:07.378  INFO 17352 --- [http-nio-9000-exec-1] o.a.c.c.C.[Tomcat].[localhost].[/]       : Initializing Spring DispatcherServlet 'dispatcherServlet'
2022-06-12 02:16:07.379  INFO 17352 --- [http-nio-9000-exec-1] o.s.web.servlet.DispatcherServlet        : Initializing Servlet 'dispatcherServlet'
2022-06-12 02:16:07.381  INFO 17352 --- [http-nio-9000-exec-1] o.s.web.servlet.DispatcherServlet        : Completed initialization in 2 ms
2022-06-12 02:16:07.397  INFO 17352 --- [http-nio-9000-exec-1] c.p.p.c.s.f.JwtAuthenticationFilter      : 로그인 시도 중
2022-06-12 02:16:07.433  INFO 17352 --- [http-nio-9000-exec-1] c.p.p.c.s.f.JwtAuthenticationFilter      : 로그인 시도 사용자 => email : eunjee@naver.com
2022-06-12 02:16:07.544  INFO 17352 --- [http-nio-9000-exec-1] c.p.p.c.s.auth.PrincipalDetailsService   : loadUserByUsername() => 로그인 정보와 DB 정보가 일치하는지 비교 중
2022-06-12 02:16:07.749  INFO 17352 --- [http-nio-9000-exec-1] c.p.p.c.s.f.JwtAuthenticationFilter      : 로그인 성공 => 입력으로 받은 Device Token을 User에 저장중
2022-06-12 02:16:07.750  INFO 17352 --- [http-nio-9000-exec-1] c.p.p.c.s.f.JwtAuthenticationFilter      : 로그인 완료, 토큰 반환 중
2022-06-12 02:16:07.841  INFO 17352 --- [http-nio-9000-exec-1] c.p.p.src.service.DeviceTokenService     : DeviceTokenService.createDeviceToken() - 존재하는 경우 
2022-06-12 02:16:21.351  INFO 17352 --- [http-nio-9000-exec-3] c.p.p.c.s.filter.JwtAuthorizationFilter  : 요청 URI /api/goals/main/2
2022-06-12 02:16:21.352  INFO 17352 --- [http-nio-9000-exec-3] c.p.p.c.s.filter.JwtAuthorizationFilter  : 인증이나 권한이 필요한 주소가 요청이 됨 => /api/goals/main/2
2022-06-12 02:16:21.372  INFO 17352 --- [http-nio-9000-exec-3] c.p.p.c.s.filter.JwtAuthorizationFilter  : jwtAccessToken : eyJ0eXAiOiJKV1QiLCJhbGciOiJIUzI1NiJ9.eyJzdWIiOiIyIiwicm9sZSI6IlJPTEVfVVNFUiIsImlhdCI6MTY1NDk2Nzc2OSwiZXhwIjoxNjU0OTY5NTY5fQ.Mx7L7F6rwifNfyXU2aAOtebsY4jZFz6XDFiMrHIveoY
2022-06-12 02:16:21.396  INFO 17352 --- [http-nio-9000-exec-3] c.p.p.c.s.filter.JwtAuthorizationFilter  : principalDetails's username : eunjee@naver.com
2022-06-12 02:16:21.398  INFO 17352 --- [http-nio-9000-exec-3] c.p.p.c.s.filter.JwtAuthorizationFilter  : [ROLE_USER]
2022-06-12 02:16:21.399  INFO 17352 --- [http-nio-9000-exec-3] c.p.p.c.s.filter.JwtAuthorizationFilter  : 로그인한 사용자의 Principal- com.planz.planit.config.security.auth.PrincipalDetails@55d51edb
2022-06-12 02:16:21.399  INFO 17352 --- [http-nio-9000-exec-3] c.p.p.c.s.filter.JwtAuthorizationFilter  : 로그인한 사용자의 Authorities- [ROLE_USER]
2022-06-12 02:16:24.951  INFO 17352 --- [http-nio-9000-exec-5] c.p.p.c.s.filter.JwtAuthorizationFilter  : 요청 URI /api/goals/main/1
2022-06-12 02:16:24.951  INFO 17352 --- [http-nio-9000-exec-5] c.p.p.c.s.filter.JwtAuthorizationFilter  : 인증이나 권한이 필요한 주소가 요청이 됨 => /api/goals/main/1
2022-06-12 02:16:24.952  INFO 17352 --- [http-nio-9000-exec-5] c.p.p.c.s.filter.JwtAuthorizationFilter  : jwtAccessToken : eyJ0eXAiOiJKV1QiLCJhbGciOiJIUzI1NiJ9.eyJzdWIiOiIyIiwicm9sZSI6IlJPTEVfVVNFUiIsImlhdCI6MTY1NDk2Nzc2OSwiZXhwIjoxNjU0OTY5NTY5fQ.Mx7L7F6rwifNfyXU2aAOtebsY4jZFz6XDFiMrHIveoY
2022-06-12 02:16:24.993  INFO 17352 --- [http-nio-9000-exec-5] c.p.p.c.s.filter.JwtAuthorizationFilter  : principalDetails's username : eunjee@naver.com
2022-06-12 02:16:24.994  INFO 17352 --- [http-nio-9000-exec-5] c.p.p.c.s.filter.JwtAuthorizationFilter  : [ROLE_USER]
2022-06-12 02:16:24.994  INFO 17352 --- [http-nio-9000-exec-5] c.p.p.c.s.filter.JwtAuthorizationFilter  : 로그인한 사용자의 Principal- com.planz.planit.config.security.auth.PrincipalDetails@61ea4b4e
2022-06-12 02:16:24.994  INFO 17352 --- [http-nio-9000-exec-5] c.p.p.c.s.filter.JwtAuthorizationFilter  : 로그인한 사용자의 Authorities- [ROLE_USER]
2022-06-12 02:16:37.845  INFO 17352 --- [SpringApplicationShutdownHook] j.LocalContainerEntityManagerFactoryBean : Closing JPA EntityManagerFactory for persistence unit 'default'
2022-06-12 02:16:37.851  INFO 17352 --- [SpringApplicationShutdownHook] com.zaxxer.hikari.HikariDataSource       : HikariPool-1 - Shutdown initiated...
2022-06-12 02:16:37.923  INFO 17352 --- [SpringApplicationShutdownHook] com.zaxxer.hikari.HikariDataSource       : HikariPool-1 - Shutdown completed.
